<?xml version="1.0" encoding="UTF-8"?>
<!-- Generated by org.testng.reporters.JUnitXMLReporter -->
<testsuite ignored="0" hostname="DESKTOP-H3OUPPT" failures="0" tests="1" name="RegressionTest" time="59.404" errors="0" timestamp="10 Feb 2023 10:36:18 GMT">
  <testcase classname="runnerfile.runner" name="@AfterClass setup" time="0.012">
    <failure type="java.lang.IllegalArgumentException" message="InputStream cannot be null">
      <![CDATA[java.lang.IllegalArgumentException: InputStream cannot be null
	at java.xml/javax.xml.parsers.DocumentBuilder.parse(DocumentBuilder.java:118)
	at com.aventstack.extentreports.configuration.ConfigLoader.getConfigurationHash(ConfigLoader.java:64)
	at com.aventstack.extentreports.reporter.AbstractReporter.loadXMLConfig(AbstractReporter.java:64)
	at com.aventstack.extentreports.reporter.AbstractReporter.loadXMLConfig(AbstractReporter.java:60)
	at com.cucumber.listener.Reporter.loadXMLConfig(Reporter.java:47)
	at runnerfile.runner.setup(runner.java:22)
... Removed 25 stack frames]]>
    </failure>
  </testcase> <!-- @AfterClass setup -->
  <testcase classname="cucumber.api.testng.AbstractTestNGCucumberTests" name="feature" time="58.391"/>
</testsuite> <!-- RegressionTest -->
